info: Server started at http://localhost:3001/api/v1/ {"timestamp":"2021-05-28T01:41:55.870Z"}
info: Connected to the database. {"timestamp":"2021-05-28T01:41:56.321Z"}
info: Server started at http://localhost:3001/api/v1/ {"timestamp":"2021-05-28T01:54:19.582Z"}
info: Connected to the database. {"timestamp":"2021-05-28T01:54:19.641Z"}
info: Server started at http://localhost:3001/api/v1/ {"timestamp":"2021-05-28T01:57:22.947Z"}
info: Connected to the database. {"timestamp":"2021-05-28T01:57:23.008Z"}
error: 
    status - 500 
    message - ReferenceError: Productservice is not defined
    at _callee$ (C:\Users\jairr\Documents\CS21\fullstack-app\server\build\controllers\product.controller.js:33:13)
    at tryCatch (C:\Users\jairr\Documents\CS21\fullstack-app\server\node_modules\regenerator-runtime\runtime.js:63:40)
    at Generator.invoke [as _invoke] (C:\Users\jairr\Documents\CS21\fullstack-app\server\node_modules\regenerator-runtime\runtime.js:293:22)
    at Generator.next (C:\Users\jairr\Documents\CS21\fullstack-app\server\node_modules\regenerator-runtime\runtime.js:118:21)
    at asyncGeneratorStep (C:\Users\jairr\Documents\CS21\fullstack-app\server\node_modules\@babel\runtime\helpers\asyncToGenerator.js:3:24)
    at _next (C:\Users\jairr\Documents\CS21\fullstack-app\server\node_modules\@babel\runtime\helpers\asyncToGenerator.js:25:9)
    at C:\Users\jairr\Documents\CS21\fullstack-app\server\node_modules\@babel\runtime\helpers\asyncToGenerator.js:32:7
    at new Promise (<anonymous>)
    at C:\Users\jairr\Documents\CS21\fullstack-app\server\node_modules\@babel\runtime\helpers\asyncToGenerator.js:21:12
    at getAllProducts (C:\Users\jairr\Documents\CS21\fullstack-app\server\build\controllers\product.controller.js:59:17) 
    url - /api/v1/products 
    method - GET 
    IP - ::1
   {"timestamp":"2021-05-28T01:57:31.839Z"}
info: Server started at http://localhost:3001/api/v1/ {"timestamp":"2021-05-28T01:58:11.913Z"}
info: Connected to the database. {"timestamp":"2021-05-28T01:58:11.968Z"}
error: 
    status - 500 
    message - TypeError: ProductService.getAllUsers is not a function
    at _callee$ (C:\Users\jairr\Documents\CS21\fullstack-app\server\build\controllers\product.controller.js:33:35)
    at tryCatch (C:\Users\jairr\Documents\CS21\fullstack-app\server\node_modules\regenerator-runtime\runtime.js:63:40)
    at Generator.invoke [as _invoke] (C:\Users\jairr\Documents\CS21\fullstack-app\server\node_modules\regenerator-runtime\runtime.js:293:22)
    at Generator.next (C:\Users\jairr\Documents\CS21\fullstack-app\server\node_modules\regenerator-runtime\runtime.js:118:21)
    at asyncGeneratorStep (C:\Users\jairr\Documents\CS21\fullstack-app\server\node_modules\@babel\runtime\helpers\asyncToGenerator.js:3:24)
    at _next (C:\Users\jairr\Documents\CS21\fullstack-app\server\node_modules\@babel\runtime\helpers\asyncToGenerator.js:25:9)
    at C:\Users\jairr\Documents\CS21\fullstack-app\server\node_modules\@babel\runtime\helpers\asyncToGenerator.js:32:7
    at new Promise (<anonymous>)
    at C:\Users\jairr\Documents\CS21\fullstack-app\server\node_modules\@babel\runtime\helpers\asyncToGenerator.js:21:12
    at getAllProducts (C:\Users\jairr\Documents\CS21\fullstack-app\server\build\controllers\product.controller.js:59:17) 
    url - /api/v1/products 
    method - GET 
    IP - ::1
   {"timestamp":"2021-05-28T01:58:18.105Z"}
info: Server started at http://localhost:3001/api/v1/ {"timestamp":"2021-05-28T01:58:44.140Z"}
info: Connected to the database. {"timestamp":"2021-05-28T01:58:44.196Z"}
info: Server started at http://localhost:3001/api/v1/ {"timestamp":"2021-05-28T02:23:47.986Z"}
info: Connected to the database. {"timestamp":"2021-05-28T02:23:48.271Z"}
info: Server started at http://localhost:3001/api/v1/ {"timestamp":"2021-05-28T02:24:10.895Z"}
info: Connected to the database. {"timestamp":"2021-05-28T02:24:11.021Z"}
error: 
    status - 500 
    message - ValidationError: "stock" must be larger than or equal to 1 
    url - /api/v1/products 
    method - POST 
    IP - ::1
   {"timestamp":"2021-05-28T02:26:25.654Z"}
info: Server started at http://localhost:3001/api/v1/ {"timestamp":"2021-05-28T02:27:52.656Z"}
info: Connected to the database. {"timestamp":"2021-05-28T02:27:52.718Z"}
info: Server started at http://localhost:3001/api/v1/ {"timestamp":"2021-05-28T02:29:41.929Z"}
info: Connected to the database. {"timestamp":"2021-05-28T02:29:41.984Z"}
error: 
      status - 400
      message - Name isn´t equals to Laptop 
      url - /api/v1/products 
      method - POST 
      IP - ::1
     {"timestamp":"2021-05-28T02:29:46.653Z"}
error: 
    status - 500 
    message - ValidationError: "name" is not allowed to be empty 
    url - /api/v1/products 
    method - POST 
    IP - ::1
   {"timestamp":"2021-05-28T02:29:54.833Z"}
error: 
    status - 500 
    message - ValidationError: "brand" length must be at least 3 characters long 
    url - /api/v1/products 
    method - POST 
    IP - ::1
   {"timestamp":"2021-05-28T02:30:07.606Z"}
error: uncaughtException: Route.put() requires a callback function but got a [object Undefined]
Error: Route.put() requires a callback function but got a [object Undefined]
    at Route.<computed> [as put] (C:\Users\jairr\Documents\CS21\fullstack-app\server\node_modules\express\lib\router\route.js:202:15)
    at Function.proto.<computed> [as put] (C:\Users\jairr\Documents\CS21\fullstack-app\server\node_modules\express\lib\router\index.js:510:19)
    at Object.<anonymous> (C:\Users\jairr\Documents\CS21\fullstack-app\server\build\routes\product.route.js:35:8)
    at Module._compile (internal/modules/cjs/loader.js:1063:30)
    at Object.Module._extensions..js (internal/modules/cjs/loader.js:1092:10)
    at Module.load (internal/modules/cjs/loader.js:928:32)
    at Function.Module._load (internal/modules/cjs/loader.js:769:14)
    at Module.require (internal/modules/cjs/loader.js:952:19)
    at require (internal/modules/cjs/helpers.js:88:18)
    at Object.<anonymous> (C:\Users\jairr\Documents\CS21\fullstack-app\server\build\routes\index.js:14:39) {"error":{},"stack":"Error: Route.put() requires a callback function but got a [object Undefined]\n    at Route.<computed> [as put] (C:\\Users\\jairr\\Documents\\CS21\\fullstack-app\\server\\node_modules\\express\\lib\\router\\route.js:202:15)\n    at Function.proto.<computed> [as put] (C:\\Users\\jairr\\Documents\\CS21\\fullstack-app\\server\\node_modules\\express\\lib\\router\\index.js:510:19)\n    at Object.<anonymous> (C:\\Users\\jairr\\Documents\\CS21\\fullstack-app\\server\\build\\routes\\product.route.js:35:8)\n    at Module._compile (internal/modules/cjs/loader.js:1063:30)\n    at Object.Module._extensions..js (internal/modules/cjs/loader.js:1092:10)\n    at Module.load (internal/modules/cjs/loader.js:928:32)\n    at Function.Module._load (internal/modules/cjs/loader.js:769:14)\n    at Module.require (internal/modules/cjs/loader.js:952:19)\n    at require (internal/modules/cjs/helpers.js:88:18)\n    at Object.<anonymous> (C:\\Users\\jairr\\Documents\\CS21\\fullstack-app\\server\\build\\routes\\index.js:14:39)","exception":true,"date":"Thu May 27 2021 21:35:04 GMT-0500 (hora de verano central)","process":{"pid":3568,"uid":null,"gid":null,"cwd":"C:\\Users\\jairr\\Documents\\CS21\\fullstack-app\\server","execPath":"C:\\Program Files\\nodejs\\node.exe","version":"v14.15.5","argv":["C:\\Program Files\\nodejs\\node.exe","C:\\Users\\jairr\\Documents\\CS21\\fullstack-app\\server\\build\\index.js"],"memoryUsage":{"rss":61706240,"heapTotal":33882112,"heapUsed":20374880,"external":1740218,"arrayBuffers":307546}},"os":{"loadavg":[0,0,0],"uptime":369339},"trace":[{"column":15,"file":"C:\\Users\\jairr\\Documents\\CS21\\fullstack-app\\server\\node_modules\\express\\lib\\router\\route.js","function":"Route.<computed> [as put]","line":202,"method":"<computed> [as put]","native":false},{"column":19,"file":"C:\\Users\\jairr\\Documents\\CS21\\fullstack-app\\server\\node_modules\\express\\lib\\router\\index.js","function":"Function.proto.<computed> [as put]","line":510,"method":"<computed> [as put]","native":false},{"column":8,"file":"C:\\Users\\jairr\\Documents\\CS21\\fullstack-app\\server\\build\\routes\\product.route.js","function":null,"line":35,"method":null,"native":false},{"column":30,"file":"internal/modules/cjs/loader.js","function":"Module._compile","line":1063,"method":"_compile","native":false},{"column":10,"file":"internal/modules/cjs/loader.js","function":"Module._extensions..js","line":1092,"method":".js","native":false},{"column":32,"file":"internal/modules/cjs/loader.js","function":"Module.load","line":928,"method":"load","native":false},{"column":14,"file":"internal/modules/cjs/loader.js","function":"Module._load","line":769,"method":"_load","native":false},{"column":19,"file":"internal/modules/cjs/loader.js","function":"Module.require","line":952,"method":"require","native":false},{"column":18,"file":"internal/modules/cjs/helpers.js","function":"require","line":88,"method":null,"native":false},{"column":39,"file":"C:\\Users\\jairr\\Documents\\CS21\\fullstack-app\\server\\build\\routes\\index.js","function":null,"line":14,"method":null,"native":false}],"timestamp":"2021-05-28T02:35:04.512Z"}
info: Server started at http://localhost:3001/api/v1/ {"timestamp":"2021-05-28T02:35:35.107Z"}
info: Connected to the database. {"timestamp":"2021-05-28T02:35:35.163Z"}
info: Server started at http://localhost:3001/api/v1/ {"timestamp":"2021-05-28T02:40:22.615Z"}
info: Connected to the database. {"timestamp":"2021-05-28T02:40:22.668Z"}
info: Server started at http://localhost:3001/api/v1/ {"timestamp":"2021-05-28T02:40:52.442Z"}
info: Connected to the database. {"timestamp":"2021-05-28T02:40:52.509Z"}
info: Server started at http://localhost:3001/api/v1/ {"timestamp":"2021-05-28T02:42:52.218Z"}
info: Connected to the database. {"timestamp":"2021-05-28T02:42:52.320Z"}
error: uncaughtException: signInController is not defined
ReferenceError: signInController is not defined
    at Object.<anonymous> (C:\Users\jairr\Documents\CS21\fullstack-app\server\build\routes\user.route.js:27:24)
    at Module._compile (internal/modules/cjs/loader.js:1063:30)
    at Object.Module._extensions..js (internal/modules/cjs/loader.js:1092:10)
    at Module.load (internal/modules/cjs/loader.js:928:32)
    at Function.Module._load (internal/modules/cjs/loader.js:769:14)
    at Module.require (internal/modules/cjs/loader.js:952:19)
    at require (internal/modules/cjs/helpers.js:88:18)
    at Object.<anonymous> (C:\Users\jairr\Documents\CS21\fullstack-app\server\build\routes\index.js:12:36)
    at Module._compile (internal/modules/cjs/loader.js:1063:30)
    at Object.Module._extensions..js (internal/modules/cjs/loader.js:1092:10) {"error":{},"stack":"ReferenceError: signInController is not defined\n    at Object.<anonymous> (C:\\Users\\jairr\\Documents\\CS21\\fullstack-app\\server\\build\\routes\\user.route.js:27:24)\n    at Module._compile (internal/modules/cjs/loader.js:1063:30)\n    at Object.Module._extensions..js (internal/modules/cjs/loader.js:1092:10)\n    at Module.load (internal/modules/cjs/loader.js:928:32)\n    at Function.Module._load (internal/modules/cjs/loader.js:769:14)\n    at Module.require (internal/modules/cjs/loader.js:952:19)\n    at require (internal/modules/cjs/helpers.js:88:18)\n    at Object.<anonymous> (C:\\Users\\jairr\\Documents\\CS21\\fullstack-app\\server\\build\\routes\\index.js:12:36)\n    at Module._compile (internal/modules/cjs/loader.js:1063:30)\n    at Object.Module._extensions..js (internal/modules/cjs/loader.js:1092:10)","exception":true,"date":"Thu May 27 2021 21:54:18 GMT-0500 (hora de verano central)","process":{"pid":9680,"uid":null,"gid":null,"cwd":"C:\\Users\\jairr\\Documents\\CS21\\fullstack-app\\server","execPath":"C:\\Program Files\\nodejs\\node.exe","version":"v14.15.5","argv":["C:\\Program Files\\nodejs\\node.exe","C:\\Users\\jairr\\Documents\\CS21\\fullstack-app\\server\\build\\index.js"],"memoryUsage":{"rss":61579264,"heapTotal":33357824,"heapUsed":19688144,"external":1723653,"arrayBuffers":290981}},"os":{"loadavg":[0,0,0],"uptime":370494},"trace":[{"column":24,"file":"C:\\Users\\jairr\\Documents\\CS21\\fullstack-app\\server\\build\\routes\\user.route.js","function":null,"line":27,"method":null,"native":false},{"column":30,"file":"internal/modules/cjs/loader.js","function":"Module._compile","line":1063,"method":"_compile","native":false},{"column":10,"file":"internal/modules/cjs/loader.js","function":"Module._extensions..js","line":1092,"method":".js","native":false},{"column":32,"file":"internal/modules/cjs/loader.js","function":"Module.load","line":928,"method":"load","native":false},{"column":14,"file":"internal/modules/cjs/loader.js","function":"Module._load","line":769,"method":"_load","native":false},{"column":19,"file":"internal/modules/cjs/loader.js","function":"Module.require","line":952,"method":"require","native":false},{"column":18,"file":"internal/modules/cjs/helpers.js","function":"require","line":88,"method":null,"native":false},{"column":36,"file":"C:\\Users\\jairr\\Documents\\CS21\\fullstack-app\\server\\build\\routes\\index.js","function":null,"line":12,"method":null,"native":false},{"column":30,"file":"internal/modules/cjs/loader.js","function":"Module._compile","line":1063,"method":"_compile","native":false},{"column":10,"file":"internal/modules/cjs/loader.js","function":"Module._extensions..js","line":1092,"method":".js","native":false}],"timestamp":"2021-05-28T02:54:18.880Z"}
error: uncaughtException: userController is not defined
ReferenceError: userController is not defined
    at Object.<anonymous> (C:\Users\jairr\Documents\CS21\fullstack-app\server\build\routes\user.route.js:30:16)
    at Module._compile (internal/modules/cjs/loader.js:1063:30)
    at Object.Module._extensions..js (internal/modules/cjs/loader.js:1092:10)
    at Module.load (internal/modules/cjs/loader.js:928:32)
    at Function.Module._load (internal/modules/cjs/loader.js:769:14)
    at Module.require (internal/modules/cjs/loader.js:952:19)
    at require (internal/modules/cjs/helpers.js:88:18)
    at Object.<anonymous> (C:\Users\jairr\Documents\CS21\fullstack-app\server\build\routes\index.js:12:36)
    at Module._compile (internal/modules/cjs/loader.js:1063:30)
    at Object.Module._extensions..js (internal/modules/cjs/loader.js:1092:10) {"error":{},"stack":"ReferenceError: userController is not defined\n    at Object.<anonymous> (C:\\Users\\jairr\\Documents\\CS21\\fullstack-app\\server\\build\\routes\\user.route.js:30:16)\n    at Module._compile (internal/modules/cjs/loader.js:1063:30)\n    at Object.Module._extensions..js (internal/modules/cjs/loader.js:1092:10)\n    at Module.load (internal/modules/cjs/loader.js:928:32)\n    at Function.Module._load (internal/modules/cjs/loader.js:769:14)\n    at Module.require (internal/modules/cjs/loader.js:952:19)\n    at require (internal/modules/cjs/helpers.js:88:18)\n    at Object.<anonymous> (C:\\Users\\jairr\\Documents\\CS21\\fullstack-app\\server\\build\\routes\\index.js:12:36)\n    at Module._compile (internal/modules/cjs/loader.js:1063:30)\n    at Object.Module._extensions..js (internal/modules/cjs/loader.js:1092:10)","exception":true,"date":"Thu May 27 2021 21:55:47 GMT-0500 (hora de verano central)","process":{"pid":16332,"uid":null,"gid":null,"cwd":"C:\\Users\\jairr\\Documents\\CS21\\fullstack-app\\server","execPath":"C:\\Program Files\\nodejs\\node.exe","version":"v14.15.5","argv":["C:\\Program Files\\nodejs\\node.exe","C:\\Users\\jairr\\Documents\\CS21\\fullstack-app\\server\\build\\index.js"],"memoryUsage":{"rss":61648896,"heapTotal":33095680,"heapUsed":19350912,"external":1682878,"arrayBuffers":250206}},"os":{"loadavg":[0,0,0],"uptime":370582},"trace":[{"column":16,"file":"C:\\Users\\jairr\\Documents\\CS21\\fullstack-app\\server\\build\\routes\\user.route.js","function":null,"line":30,"method":null,"native":false},{"column":30,"file":"internal/modules/cjs/loader.js","function":"Module._compile","line":1063,"method":"_compile","native":false},{"column":10,"file":"internal/modules/cjs/loader.js","function":"Module._extensions..js","line":1092,"method":".js","native":false},{"column":32,"file":"internal/modules/cjs/loader.js","function":"Module.load","line":928,"method":"load","native":false},{"column":14,"file":"internal/modules/cjs/loader.js","function":"Module._load","line":769,"method":"_load","native":false},{"column":19,"file":"internal/modules/cjs/loader.js","function":"Module.require","line":952,"method":"require","native":false},{"column":18,"file":"internal/modules/cjs/helpers.js","function":"require","line":88,"method":null,"native":false},{"column":36,"file":"C:\\Users\\jairr\\Documents\\CS21\\fullstack-app\\server\\build\\routes\\index.js","function":null,"line":12,"method":null,"native":false},{"column":30,"file":"internal/modules/cjs/loader.js","function":"Module._compile","line":1063,"method":"_compile","native":false},{"column":10,"file":"internal/modules/cjs/loader.js","function":"Module._extensions..js","line":1092,"method":".js","native":false}],"timestamp":"2021-05-28T02:55:47.318Z"}
info: Server started at http://localhost:3001/api/v1/ {"timestamp":"2021-05-28T02:56:20.705Z"}
info: Connected to the database. {"timestamp":"2021-05-28T02:56:20.760Z"}
info: Server started at http://localhost:3001/api/v1/ {"timestamp":"2021-05-28T02:57:33.384Z"}
info: Connected to the database. {"timestamp":"2021-05-28T02:57:33.462Z"}
info: Server started at http://localhost:3001/api/v1/ {"timestamp":"2021-05-28T03:01:58.804Z"}
info: Connected to the database. {"timestamp":"2021-05-28T03:01:59.096Z"}
error: 
    status - 500 
    message - ValidationError: "password" is not allowed 
    url - /api/v1/users/signin 
    method - POST 
    IP - ::1
   {"timestamp":"2021-05-28T03:02:06.140Z"}
error: 
    status - 500 
    message - ValidationError: "password" is not allowed 
    url - /api/v1/users/signin 
    method - POST 
    IP - ::1
   {"timestamp":"2021-05-28T03:02:16.542Z"}
info: Server started at http://localhost:3001/api/v1/ {"timestamp":"2021-05-28T03:03:23.577Z"}
info: Connected to the database. {"timestamp":"2021-05-28T03:03:23.656Z"}
error: 
    status - 500 
    message - ValidationError: "email" must be a valid email 
    url - /api/v1/users/signin 
    method - POST 
    IP - ::1
   {"timestamp":"2021-05-28T03:03:33.788Z"}
error: 
    status - 500 
    message - ValidationError: "password" length must be at least 3 characters long 
    url - /api/v1/users/signin 
    method - POST 
    IP - ::1
   {"timestamp":"2021-05-28T03:03:40.573Z"}
error: 
    status - 500 
    message - ValidationError: "password" length must be at least 3 characters long 
    url - /api/v1/users/signin 
    method - POST 
    IP - ::1
   {"timestamp":"2021-05-28T03:03:49.463Z"}
error: 
    status - 500 
    message - ValidationError: "lastName" is not allowed to be empty 
    url - /api/v1/users/signin 
    method - POST 
    IP - ::1
   {"timestamp":"2021-05-28T03:04:05.919Z"}
info: Server started at http://localhost:3001/api/v1/ {"timestamp":"2021-05-28T04:30:24.999Z"}
info: Connected to the database. {"timestamp":"2021-05-28T04:30:25.502Z"}
info: Server started at http://localhost:3001/api/v1/ {"timestamp":"2021-05-28T14:36:30.945Z"}
info: Connected to the database. {"timestamp":"2021-05-28T14:36:31.602Z"}
error: 
    status - 500 
    message - ValidationError: "name" length must be at least 3 characters long 
    url - /api/v1/products 
    method - POST 
    IP - ::1
   {"timestamp":"2021-05-28T16:05:18.255Z"}
error: 
      status - 400
      message - Name isn´t equals to Laptop 
      url - /api/v1/products 
      method - POST 
      IP - ::1
     {"timestamp":"2021-05-28T16:05:29.529Z"}
error: 
      status - 400
      message - Name isn´t equals to Laptop 
      url - /api/v1/products 
      method - POST 
      IP - ::1
     {"timestamp":"2021-05-28T16:18:03.889Z"}
error: 
    status - 500 
    message - ValidationError: "name" length must be at least 3 characters long 
    url - /api/v1/products 
    method - POST 
    IP - ::1
   {"timestamp":"2021-05-28T16:26:29.665Z"}
error: 
      status - 400
      message - Name isn´t equals to Laptop 
      url - /api/v1/products 
      method - POST 
      IP - ::1
     {"timestamp":"2021-05-28T16:27:00.774Z"}
error: 
      status - 400
      message - Name isn´t equals to Laptop 
      url - /api/v1/products 
      method - POST 
      IP - ::1
     {"timestamp":"2021-05-28T16:27:30.171Z"}
error: 
      status - 400
      message - Name isn´t equals to Laptop 
      url - /api/v1/products 
      method - POST 
      IP - ::1
     {"timestamp":"2021-05-28T16:29:44.921Z"}
error: 
      status - 400
      message - Name isn´t equals to Laptop 
      url - /api/v1/products 
      method - POST 
      IP - ::1
     {"timestamp":"2021-05-28T16:30:35.015Z"}
error: 
      status - 400
      message - Name isn´t equals to Laptop 
      url - /api/v1/products 
      method - POST 
      IP - ::1
     {"timestamp":"2021-05-28T16:31:29.498Z"}
error: 
      status - 400
      message - Name isn´t equals to Laptop 
      url - /api/v1/products 
      method - POST 
      IP - ::1
     {"timestamp":"2021-05-28T16:31:59.484Z"}
error: 
      status - 400
      message - Name isn´t equals to Laptop 
      url - /api/v1/products 
      method - POST 
      IP - ::1
     {"timestamp":"2021-05-28T16:32:21.667Z"}
error: 
      status - 400
      message - Name isn´t equals to Laptop 
      url - /api/v1/products 
      method - POST 
      IP - ::1
     {"timestamp":"2021-05-28T16:33:47.077Z"}
error: 
      status - 400
      message - Name isn´t equals to Laptop 
      url - /api/v1/products 
      method - POST 
      IP - ::1
     {"timestamp":"2021-05-28T16:35:23.075Z"}
error: 
    status - 500 
    message - ValidationError: "name" length must be at least 3 characters long 
    url - /api/v1/products 
    method - POST 
    IP - ::1
   {"timestamp":"2021-05-28T16:35:28.474Z"}
error: 
    status - 500 
    message - ValidationError: "name" length must be at least 3 characters long 
    url - /api/v1/products 
    method - POST 
    IP - ::1
   {"timestamp":"2021-05-28T16:38:04.288Z"}
error: 
      status - 400
      message - Name isn´t equals to Laptop 
      url - /api/v1/products 
      method - POST 
      IP - ::1
     {"timestamp":"2021-05-28T16:38:24.940Z"}
error: 
      status - 400
      message - Name isn´t equals to Laptop 
      url - /api/v1/products 
      method - POST 
      IP - ::1
     {"timestamp":"2021-05-28T16:41:38.626Z"}
error: 
      status - 400
      message - Name isn´t equals to Laptop 
      url - /api/v1/products 
      method - POST 
      IP - ::1
     {"timestamp":"2021-05-28T16:41:48.947Z"}
error: 
    status - 500 
    message - ValidationError: "name" length must be at least 3 characters long 
    url - /api/v1/products 
    method - POST 
    IP - ::1
   {"timestamp":"2021-05-28T16:42:39.161Z"}
error: 
      status - 400
      message - Name isn´t equals to Laptop 
      url - /api/v1/products 
      method - POST 
      IP - ::1
     {"timestamp":"2021-05-28T16:42:47.030Z"}
error: 
      status - 400
      message - Name isn´t equals to Laptop 
      url - /api/v1/products 
      method - POST 
      IP - ::1
     {"timestamp":"2021-05-28T16:44:07.844Z"}
error: 
    status - 500 
    message - ValidationError: "name" length must be at least 3 characters long 
    url - /api/v1/products 
    method - POST 
    IP - ::1
   {"timestamp":"2021-05-28T16:44:09.993Z"}
error: 
      status - 400
      message - Name isn´t equals to Laptop 
      url - /api/v1/products 
      method - POST 
      IP - ::1
     {"timestamp":"2021-05-28T16:48:11.298Z"}
error: 
      status - 400
      message - Name isn´t equals to Laptop 
      url - /api/v1/products 
      method - POST 
      IP - ::1
     {"timestamp":"2021-05-28T16:48:38.192Z"}
error: 
      status - 400
      message - Name isn´t equals to Laptop 
      url - /api/v1/products 
      method - POST 
      IP - ::1
     {"timestamp":"2021-05-28T16:48:58.847Z"}
error: 
      status - 400
      message - Name isn´t equals to Laptop 
      url - /api/v1/products 
      method - POST 
      IP - ::1
     {"timestamp":"2021-05-28T16:52:12.487Z"}
error: 
    status - 500 
    message - ValidationError: "name" length must be at least 3 characters long 
    url - /api/v1/products 
    method - POST 
    IP - ::1
   {"timestamp":"2021-05-28T16:52:24.881Z"}
error: 
    status - 500 
    message - ValidationError: "name" length must be at least 3 characters long 
    url - /api/v1/products 
    method - POST 
    IP - ::1
   {"timestamp":"2021-05-28T16:52:52.861Z"}
error: 
      status - 400
      message - Name isn´t equals to Laptop 
      url - /api/v1/products 
      method - POST 
      IP - ::1
     {"timestamp":"2021-05-28T16:52:56.489Z"}
error: 
      status - 400
      message - Name isn´t equals to Laptop 
      url - /api/v1/products 
      method - POST 
      IP - ::1
     {"timestamp":"2021-05-28T16:59:53.756Z"}
error: 
      status - 400
      message - Name isn´t equals to Laptop 
      url - /api/v1/products 
      method - POST 
      IP - ::1
     {"timestamp":"2021-05-28T17:01:10.386Z"}
error: 
      status - 400
      message - Name isn´t equals to Laptop 
      url - /api/v1/products 
      method - POST 
      IP - ::1
     {"timestamp":"2021-05-28T17:04:49.204Z"}
error: 
      status - 400
      message - Name isn´t equals to Laptop 
      url - /api/v1/products 
      method - POST 
      IP - ::1
     {"timestamp":"2021-05-28T17:05:15.020Z"}
error: 
    status - 500 
    message - ValidationError: "name" length must be at least 3 characters long 
    url - /api/v1/products 
    method - POST 
    IP - ::1
   {"timestamp":"2021-05-28T17:05:19.552Z"}
error: 
    status - 500 
    message - ValidationError: "name" length must be at least 3 characters long 
    url - /api/v1/products 
    method - POST 
    IP - ::1
   {"timestamp":"2021-05-28T17:07:07.991Z"}
error: 
    status - 500 
    message - ValidationError: "name" length must be at least 3 characters long 
    url - /api/v1/products 
    method - POST 
    IP - ::1
   {"timestamp":"2021-05-28T17:07:18.804Z"}
error: 
    status - 500 
    message - ValidationError: "name" length must be at least 3 characters long 
    url - /api/v1/products 
    method - POST 
    IP - ::1
   {"timestamp":"2021-05-28T17:09:37.620Z"}
error: 
      status - 400
      message - Name isn´t equals to Laptop 
      url - /api/v1/products 
      method - POST 
      IP - ::1
     {"timestamp":"2021-05-28T17:09:42.162Z"}
error: 
    status - 500 
    message - ValidationError: "name" length must be at least 3 characters long 
    url - /api/v1/products 
    method - POST 
    IP - ::1
   {"timestamp":"2021-05-28T17:09:53.492Z"}
error: 
      status - 400
      message - Name isn´t equals to Laptop 
      url - /api/v1/products 
      method - POST 
      IP - ::1
     {"timestamp":"2021-05-28T17:09:56.676Z"}
error: 
      status - 400
      message - Name isn´t equals to Laptop 
      url - /api/v1/products 
      method - POST 
      IP - ::1
     {"timestamp":"2021-05-28T17:10:06.313Z"}
error: 
    status - 500 
    message - ValidationError: "name" length must be at least 3 characters long 
    url - /api/v1/products 
    method - POST 
    IP - ::1
   {"timestamp":"2021-05-28T17:10:09.291Z"}
error: 
    status - 500 
    message - ValidationError: "name" length must be at least 3 characters long 
    url - /api/v1/products 
    method - POST 
    IP - ::1
   {"timestamp":"2021-05-28T17:10:38.403Z"}
error: 
    status - 500 
    message - ValidationError: "name" length must be at least 3 characters long 
    url - /api/v1/products 
    method - POST 
    IP - ::1
   {"timestamp":"2021-05-28T17:10:46.844Z"}
error: 
      status - 400
      message - Name isn´t equals to Laptop 
      url - /api/v1/products 
      method - POST 
      IP - ::1
     {"timestamp":"2021-05-28T17:10:52.807Z"}
error: 
    status - 500 
    message - ValidationError: "name" length must be at least 3 characters long 
    url - /api/v1/products 
    method - POST 
    IP - ::1
   {"timestamp":"2021-05-28T17:10:55.520Z"}
error: 
      status - 400
      message - Name isn´t equals to Laptop 
      url - /api/v1/products 
      method - POST 
      IP - ::1
     {"timestamp":"2021-05-28T17:11:00.959Z"}
error: 
    status - 500 
    message - ValidationError: "name" length must be at least 3 characters long 
    url - /api/v1/products 
    method - POST 
    IP - ::1
   {"timestamp":"2021-05-28T17:11:05.646Z"}
error: 
    status - 500 
    message - ValidationError: "name" length must be at least 3 characters long 
    url - /api/v1/products 
    method - POST 
    IP - ::1
   {"timestamp":"2021-05-28T17:21:56.792Z"}
error: 
      status - 400
      message - Name isn´t equals to Laptop 
      url - /api/v1/products 
      method - POST 
      IP - ::1
     {"timestamp":"2021-05-28T17:22:05.217Z"}
error: 
    status - 500 
    message - ValidationError: "name" length must be at least 3 characters long 
    url - /api/v1/products 
    method - POST 
    IP - ::1
   {"timestamp":"2021-05-28T17:22:18.125Z"}
error: 
      status - 400
      message - Name isn´t equals to Laptop 
      url - /api/v1/products 
      method - POST 
      IP - ::1
     {"timestamp":"2021-05-28T17:22:22.556Z"}
error: 
      status - 400
      message - Name isn´t equals to Laptop 
      url - /api/v1/products 
      method - POST 
      IP - ::1
     {"timestamp":"2021-05-28T17:22:29.352Z"}
info: Server started at http://localhost:3001/api/v1/ {"timestamp":"2021-05-28T17:30:08.090Z"}
info: Connected to the database. {"timestamp":"2021-05-28T17:30:08.465Z"}
info: Server started at http://localhost:3001/api/v1/ {"timestamp":"2021-05-28T17:38:13.326Z"}
info: Connected to the database. {"timestamp":"2021-05-28T17:38:13.404Z"}
info: Server started at http://localhost:3001/api/v1/ {"timestamp":"2021-05-28T17:58:28.688Z"}
info: Connected to the database. {"timestamp":"2021-05-28T17:58:28.751Z"}
error: 
      status - 400
      message - Name isn´t equals to Laptop 
      url - /api/v1/products 
      method - POST 
      IP - ::1
     {"timestamp":"2021-05-28T17:58:37.430Z"}
error: 
      status - 400
      message - Name isn´t equals to Laptop 
      url - /api/v1/products 
      method - POST 
      IP - ::1
     {"timestamp":"2021-05-28T17:58:39.399Z"}
error: 
      status - 400
      message - Name isn´t equals to Laptop 
      url - /api/v1/products 
      method - POST 
      IP - ::1
     {"timestamp":"2021-05-28T17:58:41.626Z"}
info: Server started at http://localhost:3001/api/v1/ {"timestamp":"2021-05-28T18:32:42.806Z"}
info: Connected to the database. {"timestamp":"2021-05-28T18:32:42.875Z"}
error: 
    status - 500 
    message - ValidationError: "name" is not allowed to be empty 
    url - /api/v1/products 
    method - POST 
    IP - ::1
   {"timestamp":"2021-05-28T18:48:53.396Z"}
error: 
    status - 500 
    message - ValidationError: "name" is not allowed to be empty 
    url - /api/v1/products 
    method - POST 
    IP - ::1
   {"timestamp":"2021-05-28T18:49:04.123Z"}
error: 
    status - 500 
    message - ValidationError: "name" is not allowed to be empty 
    url - /api/v1/products 
    method - POST 
    IP - ::1
   {"timestamp":"2021-05-28T18:49:09.218Z"}
error: 
    status - 500 
    message - ValidationError: "id" is not allowed 
    url - /api/v1/products/17 
    method - PUT 
    IP - ::1
   {"timestamp":"2021-05-28T18:49:21.049Z"}
error: 
    status - 500 
    message - ValidationError: "name" is not allowed to be empty 
    url - /api/v1/products 
    method - POST 
    IP - ::1
   {"timestamp":"2021-05-28T18:52:28.437Z"}
error: 
    status - 500 
    message - ValidationError: "createdAt" is not allowed 
    url - /api/v1/products/19 
    method - PUT 
    IP - ::1
   {"timestamp":"2021-05-28T18:52:38.893Z"}
error: 
    status - 500 
    message - ValidationError: "createdAt" is not allowed 
    url - /api/v1/products/17 
    method - PUT 
    IP - ::1
   {"timestamp":"2021-05-28T18:53:44.497Z"}
error: 
    status - 500 
    message - ValidationError: "id" is not allowed 
    url - /api/v1/products/18 
    method - PUT 
    IP - ::1
   {"timestamp":"2021-05-28T19:06:44.836Z"}
error: 
    status - 500 
    message - ValidationError: "id" is not allowed 
    url - /api/v1/products/17 
    method - PUT 
    IP - ::1
   {"timestamp":"2021-05-28T19:08:04.644Z"}
info: Server started at http://localhost:3001/api/v1/ {"timestamp":"2021-05-28T19:09:05.365Z"}
info: Connected to the database. {"timestamp":"2021-05-28T19:09:05.686Z"}
error: 
    status - 500 
    message - ValidationError: "name" is not allowed to be empty 
    url - /api/v1/products 
    method - POST 
    IP - ::1
   {"timestamp":"2021-05-28T19:18:02.937Z"}
error: 
    status - 500 
    message - ValidationError: "name" length must be at least 3 characters long 
    url - /api/v1/products/1 
    method - PUT 
    IP - ::1
   {"timestamp":"2021-05-28T19:40:09.088Z"}
error: 
    status - 500 
    message - ValidationError: "name" length must be at least 3 characters long 
    url - /api/v1/products/1 
    method - PUT 
    IP - ::1
   {"timestamp":"2021-05-28T19:42:16.411Z"}
error: 
    status - 500 
    message - ValidationError: "name" length must be at least 3 characters long 
    url - /api/v1/products/1 
    method - PUT 
    IP - ::1
   {"timestamp":"2021-05-28T19:43:57.809Z"}
error: 
    status - 500 
    message - ValidationError: "name" length must be at least 3 characters long 
    url - /api/v1/products/1 
    method - PUT 
    IP - ::1
   {"timestamp":"2021-05-28T19:44:16.502Z"}
error: 
    status - 500 
    message - ValidationError: "name" length must be at least 3 characters long 
    url - /api/v1/products/1 
    method - PUT 
    IP - ::1
   {"timestamp":"2021-05-28T19:50:46.142Z"}
error: 
    status - 500 
    message - ValidationError: "name" length must be at least 3 characters long 
    url - /api/v1/products/1 
    method - PUT 
    IP - ::1
   {"timestamp":"2021-05-28T19:54:25.202Z"}
error: 
      status - 400
      message - Name isn´t equals to Laptop 
      url - /api/v1/products 
      method - POST 
      IP - ::1
     {"timestamp":"2021-05-28T19:54:32.051Z"}
info: Server started at http://localhost:3001/api/v1/ {"timestamp":"2021-05-28T20:00:52.748Z"}
info: Connected to the database. {"timestamp":"2021-05-28T20:00:53.184Z"}
error: 
    status - 500 
    message - ValidationError: "name" length must be at least 3 characters long 
    url - /api/v1/products/1 
    method - PUT 
    IP - ::1
   {"timestamp":"2021-05-28T20:03:58.065Z"}
error: 
    status - 500 
    message - ValidationError: "name" length must be at least 3 characters long 
    url - /api/v1/products/1 
    method - PUT 
    IP - ::1
   {"timestamp":"2021-05-28T20:08:16.445Z"}
error: 
    status - 500 
    message - ValidationError: "name" length must be at least 3 characters long 
    url - /api/v1/products/1 
    method - PUT 
    IP - ::1
   {"timestamp":"2021-05-28T20:08:41.616Z"}
error: 
    status - 500 
    message - ValidationError: "brand" length must be at least 2 characters long 
    url - /api/v1/products/2 
    method - PUT 
    IP - ::1
   {"timestamp":"2021-05-28T20:08:52.633Z"}
error: 
    status - 500 
    message - ValidationError: "stock" must be larger than or equal to 1 
    url - /api/v1/products/1 
    method - PUT 
    IP - ::1
   {"timestamp":"2021-05-28T20:10:08.070Z"}
error: 
    status - 500 
    message - ValidationError: "stock" must be larger than or equal to 1 
    url - /api/v1/products/1 
    method - PUT 
    IP - ::1
   {"timestamp":"2021-05-28T20:10:17.197Z"}
error: 
      status - 400
      message - Name isn´t equals to Laptop 
      url - /api/v1/products 
      method - POST 
      IP - ::1
     {"timestamp":"2021-05-28T20:10:45.763Z"}
error: 
      status - 400
      message - Name isn´t equals to Laptop 
      url - /api/v1/products 
      method - POST 
      IP - ::1
     {"timestamp":"2021-05-28T20:34:44.442Z"}
info: Server started at http://localhost:3001/api/v1/ {"timestamp":"2021-05-28T20:39:45.393Z"}
info: Connected to the database. {"timestamp":"2021-05-28T20:39:45.699Z"}
error: 
    status - 500 
    message - ValidationError: "name" length must be at least 3 characters long 
    url - /api/v1/products/1 
    method - PUT 
    IP - ::1
   {"timestamp":"2021-05-28T20:43:15.705Z"}
error: 
    status - 500 
    message - ValidationError: "name" length must be at least 3 characters long 
    url - /api/v1/products/1 
    method - PUT 
    IP - ::1
   {"timestamp":"2021-05-28T20:43:39.278Z"}
info: Server started at http://localhost:3001/api/v1/ {"timestamp":"2021-05-28T20:50:43.514Z"}
info: Connected to the database. {"timestamp":"2021-05-28T20:50:43.586Z"}
info: Server started at http://localhost:3001/api/v1/ {"timestamp":"2021-05-28T22:26:51.334Z"}
info: Connected to the database. {"timestamp":"2021-05-28T22:26:51.722Z"}
error: 
    status - 500 
    message - ValidationError: "name" length must be at least 3 characters long 
    url - /api/v1/products/1 
    method - PUT 
    IP - ::1
   {"timestamp":"2021-05-28T22:42:09.422Z"}
error: uncaughtException: Route.get() requires a callback function but got a [object Undefined]
Error: Route.get() requires a callback function but got a [object Undefined]
    at Route.<computed> [as get] (C:\Users\jairr\Documents\CS21\fullstack-app\server\node_modules\express\lib\router\route.js:202:15)
    at Function.proto.<computed> [as get] (C:\Users\jairr\Documents\CS21\fullstack-app\server\node_modules\express\lib\router\index.js:510:19)
    at Object.<anonymous> (C:\Users\jairr\Documents\CS21\fullstack-app\server\build\routes\buy.route.js:26:8)
    at Module._compile (internal/modules/cjs/loader.js:1063:30)
    at Object.Module._extensions..js (internal/modules/cjs/loader.js:1092:10)
    at Module.load (internal/modules/cjs/loader.js:928:32)
    at Function.Module._load (internal/modules/cjs/loader.js:769:14)
    at Module.require (internal/modules/cjs/loader.js:952:19)
    at require (internal/modules/cjs/helpers.js:88:18)
    at Object.<anonymous> (C:\Users\jairr\Documents\CS21\fullstack-app\server\build\routes\index.js:16:35) {"error":{},"stack":"Error: Route.get() requires a callback function but got a [object Undefined]\n    at Route.<computed> [as get] (C:\\Users\\jairr\\Documents\\CS21\\fullstack-app\\server\\node_modules\\express\\lib\\router\\route.js:202:15)\n    at Function.proto.<computed> [as get] (C:\\Users\\jairr\\Documents\\CS21\\fullstack-app\\server\\node_modules\\express\\lib\\router\\index.js:510:19)\n    at Object.<anonymous> (C:\\Users\\jairr\\Documents\\CS21\\fullstack-app\\server\\build\\routes\\buy.route.js:26:8)\n    at Module._compile (internal/modules/cjs/loader.js:1063:30)\n    at Object.Module._extensions..js (internal/modules/cjs/loader.js:1092:10)\n    at Module.load (internal/modules/cjs/loader.js:928:32)\n    at Function.Module._load (internal/modules/cjs/loader.js:769:14)\n    at Module.require (internal/modules/cjs/loader.js:952:19)\n    at require (internal/modules/cjs/helpers.js:88:18)\n    at Object.<anonymous> (C:\\Users\\jairr\\Documents\\CS21\\fullstack-app\\server\\build\\routes\\index.js:16:35)","exception":true,"date":"Fri May 28 2021 18:24:22 GMT-0500 (hora de verano central)","process":{"pid":5700,"uid":null,"gid":null,"cwd":"C:\\Users\\jairr\\Documents\\CS21\\fullstack-app\\server","execPath":"C:\\Program Files\\nodejs\\node.exe","version":"v14.15.5","argv":["C:\\Program Files\\nodejs\\node.exe","C:\\Users\\jairr\\Documents\\CS21\\fullstack-app\\server\\build\\index.js"],"memoryUsage":{"rss":62324736,"heapTotal":33619968,"heapUsed":20686752,"external":1757765,"arrayBuffers":325093}},"os":{"loadavg":[0,0,0],"uptime":444298},"trace":[{"column":15,"file":"C:\\Users\\jairr\\Documents\\CS21\\fullstack-app\\server\\node_modules\\express\\lib\\router\\route.js","function":"Route.<computed> [as get]","line":202,"method":"<computed> [as get]","native":false},{"column":19,"file":"C:\\Users\\jairr\\Documents\\CS21\\fullstack-app\\server\\node_modules\\express\\lib\\router\\index.js","function":"Function.proto.<computed> [as get]","line":510,"method":"<computed> [as get]","native":false},{"column":8,"file":"C:\\Users\\jairr\\Documents\\CS21\\fullstack-app\\server\\build\\routes\\buy.route.js","function":null,"line":26,"method":null,"native":false},{"column":30,"file":"internal/modules/cjs/loader.js","function":"Module._compile","line":1063,"method":"_compile","native":false},{"column":10,"file":"internal/modules/cjs/loader.js","function":"Module._extensions..js","line":1092,"method":".js","native":false},{"column":32,"file":"internal/modules/cjs/loader.js","function":"Module.load","line":928,"method":"load","native":false},{"column":14,"file":"internal/modules/cjs/loader.js","function":"Module._load","line":769,"method":"_load","native":false},{"column":19,"file":"internal/modules/cjs/loader.js","function":"Module.require","line":952,"method":"require","native":false},{"column":18,"file":"internal/modules/cjs/helpers.js","function":"require","line":88,"method":null,"native":false},{"column":35,"file":"C:\\Users\\jairr\\Documents\\CS21\\fullstack-app\\server\\build\\routes\\index.js","function":null,"line":16,"method":null,"native":false}],"timestamp":"2021-05-28T23:24:23.121Z"}
