info: Server started at http://localhost:3001/api/v1/ {"timestamp":"2021-05-28T14:36:30.945Z"}
info: Connected to the database. {"timestamp":"2021-05-28T14:36:31.602Z"}
error: 
    status - 500 
    message - ValidationError: "name" length must be at least 3 characters long 
    url - /api/v1/products 
    method - POST 
    IP - ::1
   {"timestamp":"2021-05-28T16:05:18.255Z"}
error: 
      status - 400
      message - Name isn´t equals to Laptop 
      url - /api/v1/products 
      method - POST 
      IP - ::1
     {"timestamp":"2021-05-28T16:05:29.529Z"}
error: 
      status - 400
      message - Name isn´t equals to Laptop 
      url - /api/v1/products 
      method - POST 
      IP - ::1
     {"timestamp":"2021-05-28T16:18:03.889Z"}
error: 
    status - 500 
    message - ValidationError: "name" length must be at least 3 characters long 
    url - /api/v1/products 
    method - POST 
    IP - ::1
   {"timestamp":"2021-05-28T16:26:29.665Z"}
error: 
      status - 400
      message - Name isn´t equals to Laptop 
      url - /api/v1/products 
      method - POST 
      IP - ::1
     {"timestamp":"2021-05-28T16:27:00.774Z"}
error: 
      status - 400
      message - Name isn´t equals to Laptop 
      url - /api/v1/products 
      method - POST 
      IP - ::1
     {"timestamp":"2021-05-28T16:27:30.171Z"}
error: 
      status - 400
      message - Name isn´t equals to Laptop 
      url - /api/v1/products 
      method - POST 
      IP - ::1
     {"timestamp":"2021-05-28T16:29:44.921Z"}
error: 
      status - 400
      message - Name isn´t equals to Laptop 
      url - /api/v1/products 
      method - POST 
      IP - ::1
     {"timestamp":"2021-05-28T16:30:35.015Z"}
error: 
      status - 400
      message - Name isn´t equals to Laptop 
      url - /api/v1/products 
      method - POST 
      IP - ::1
     {"timestamp":"2021-05-28T16:31:29.498Z"}
error: 
      status - 400
      message - Name isn´t equals to Laptop 
      url - /api/v1/products 
      method - POST 
      IP - ::1
     {"timestamp":"2021-05-28T16:31:59.484Z"}
error: 
      status - 400
      message - Name isn´t equals to Laptop 
      url - /api/v1/products 
      method - POST 
      IP - ::1
     {"timestamp":"2021-05-28T16:32:21.667Z"}
error: 
      status - 400
      message - Name isn´t equals to Laptop 
      url - /api/v1/products 
      method - POST 
      IP - ::1
     {"timestamp":"2021-05-28T16:33:47.077Z"}
error: 
      status - 400
      message - Name isn´t equals to Laptop 
      url - /api/v1/products 
      method - POST 
      IP - ::1
     {"timestamp":"2021-05-28T16:35:23.075Z"}
error: 
    status - 500 
    message - ValidationError: "name" length must be at least 3 characters long 
    url - /api/v1/products 
    method - POST 
    IP - ::1
   {"timestamp":"2021-05-28T16:35:28.474Z"}
error: 
    status - 500 
    message - ValidationError: "name" length must be at least 3 characters long 
    url - /api/v1/products 
    method - POST 
    IP - ::1
   {"timestamp":"2021-05-28T16:38:04.288Z"}
error: 
      status - 400
      message - Name isn´t equals to Laptop 
      url - /api/v1/products 
      method - POST 
      IP - ::1
     {"timestamp":"2021-05-28T16:38:24.940Z"}
error: 
      status - 400
      message - Name isn´t equals to Laptop 
      url - /api/v1/products 
      method - POST 
      IP - ::1
     {"timestamp":"2021-05-28T16:41:38.626Z"}
error: 
      status - 400
      message - Name isn´t equals to Laptop 
      url - /api/v1/products 
      method - POST 
      IP - ::1
     {"timestamp":"2021-05-28T16:41:48.947Z"}
error: 
    status - 500 
    message - ValidationError: "name" length must be at least 3 characters long 
    url - /api/v1/products 
    method - POST 
    IP - ::1
   {"timestamp":"2021-05-28T16:42:39.161Z"}
error: 
      status - 400
      message - Name isn´t equals to Laptop 
      url - /api/v1/products 
      method - POST 
      IP - ::1
     {"timestamp":"2021-05-28T16:42:47.030Z"}
error: 
      status - 400
      message - Name isn´t equals to Laptop 
      url - /api/v1/products 
      method - POST 
      IP - ::1
     {"timestamp":"2021-05-28T16:44:07.844Z"}
error: 
    status - 500 
    message - ValidationError: "name" length must be at least 3 characters long 
    url - /api/v1/products 
    method - POST 
    IP - ::1
   {"timestamp":"2021-05-28T16:44:09.993Z"}
error: 
      status - 400
      message - Name isn´t equals to Laptop 
      url - /api/v1/products 
      method - POST 
      IP - ::1
     {"timestamp":"2021-05-28T16:48:11.298Z"}
error: 
      status - 400
      message - Name isn´t equals to Laptop 
      url - /api/v1/products 
      method - POST 
      IP - ::1
     {"timestamp":"2021-05-28T16:48:38.192Z"}
error: 
      status - 400
      message - Name isn´t equals to Laptop 
      url - /api/v1/products 
      method - POST 
      IP - ::1
     {"timestamp":"2021-05-28T16:48:58.847Z"}
error: 
      status - 400
      message - Name isn´t equals to Laptop 
      url - /api/v1/products 
      method - POST 
      IP - ::1
     {"timestamp":"2021-05-28T16:52:12.487Z"}
error: 
    status - 500 
    message - ValidationError: "name" length must be at least 3 characters long 
    url - /api/v1/products 
    method - POST 
    IP - ::1
   {"timestamp":"2021-05-28T16:52:24.881Z"}
error: 
    status - 500 
    message - ValidationError: "name" length must be at least 3 characters long 
    url - /api/v1/products 
    method - POST 
    IP - ::1
   {"timestamp":"2021-05-28T16:52:52.861Z"}
error: 
      status - 400
      message - Name isn´t equals to Laptop 
      url - /api/v1/products 
      method - POST 
      IP - ::1
     {"timestamp":"2021-05-28T16:52:56.489Z"}
error: 
      status - 400
      message - Name isn´t equals to Laptop 
      url - /api/v1/products 
      method - POST 
      IP - ::1
     {"timestamp":"2021-05-28T16:59:53.756Z"}
error: 
      status - 400
      message - Name isn´t equals to Laptop 
      url - /api/v1/products 
      method - POST 
      IP - ::1
     {"timestamp":"2021-05-28T17:01:10.386Z"}
error: 
      status - 400
      message - Name isn´t equals to Laptop 
      url - /api/v1/products 
      method - POST 
      IP - ::1
     {"timestamp":"2021-05-28T17:04:49.204Z"}
error: 
      status - 400
      message - Name isn´t equals to Laptop 
      url - /api/v1/products 
      method - POST 
      IP - ::1
     {"timestamp":"2021-05-28T17:05:15.020Z"}
error: 
    status - 500 
    message - ValidationError: "name" length must be at least 3 characters long 
    url - /api/v1/products 
    method - POST 
    IP - ::1
   {"timestamp":"2021-05-28T17:05:19.552Z"}
error: 
    status - 500 
    message - ValidationError: "name" length must be at least 3 characters long 
    url - /api/v1/products 
    method - POST 
    IP - ::1
   {"timestamp":"2021-05-28T17:07:07.991Z"}
error: 
    status - 500 
    message - ValidationError: "name" length must be at least 3 characters long 
    url - /api/v1/products 
    method - POST 
    IP - ::1
   {"timestamp":"2021-05-28T17:07:18.804Z"}
error: 
    status - 500 
    message - ValidationError: "name" length must be at least 3 characters long 
    url - /api/v1/products 
    method - POST 
    IP - ::1
   {"timestamp":"2021-05-28T17:09:37.620Z"}
error: 
      status - 400
      message - Name isn´t equals to Laptop 
      url - /api/v1/products 
      method - POST 
      IP - ::1
     {"timestamp":"2021-05-28T17:09:42.162Z"}
error: 
    status - 500 
    message - ValidationError: "name" length must be at least 3 characters long 
    url - /api/v1/products 
    method - POST 
    IP - ::1
   {"timestamp":"2021-05-28T17:09:53.492Z"}
error: 
      status - 400
      message - Name isn´t equals to Laptop 
      url - /api/v1/products 
      method - POST 
      IP - ::1
     {"timestamp":"2021-05-28T17:09:56.676Z"}
error: 
      status - 400
      message - Name isn´t equals to Laptop 
      url - /api/v1/products 
      method - POST 
      IP - ::1
     {"timestamp":"2021-05-28T17:10:06.313Z"}
error: 
    status - 500 
    message - ValidationError: "name" length must be at least 3 characters long 
    url - /api/v1/products 
    method - POST 
    IP - ::1
   {"timestamp":"2021-05-28T17:10:09.291Z"}
error: 
    status - 500 
    message - ValidationError: "name" length must be at least 3 characters long 
    url - /api/v1/products 
    method - POST 
    IP - ::1
   {"timestamp":"2021-05-28T17:10:38.403Z"}
error: 
    status - 500 
    message - ValidationError: "name" length must be at least 3 characters long 
    url - /api/v1/products 
    method - POST 
    IP - ::1
   {"timestamp":"2021-05-28T17:10:46.844Z"}
error: 
      status - 400
      message - Name isn´t equals to Laptop 
      url - /api/v1/products 
      method - POST 
      IP - ::1
     {"timestamp":"2021-05-28T17:10:52.807Z"}
error: 
    status - 500 
    message - ValidationError: "name" length must be at least 3 characters long 
    url - /api/v1/products 
    method - POST 
    IP - ::1
   {"timestamp":"2021-05-28T17:10:55.520Z"}
error: 
      status - 400
      message - Name isn´t equals to Laptop 
      url - /api/v1/products 
      method - POST 
      IP - ::1
     {"timestamp":"2021-05-28T17:11:00.959Z"}
error: 
    status - 500 
    message - ValidationError: "name" length must be at least 3 characters long 
    url - /api/v1/products 
    method - POST 
    IP - ::1
   {"timestamp":"2021-05-28T17:11:05.646Z"}
error: 
    status - 500 
    message - ValidationError: "name" length must be at least 3 characters long 
    url - /api/v1/products 
    method - POST 
    IP - ::1
   {"timestamp":"2021-05-28T17:21:56.792Z"}
error: 
      status - 400
      message - Name isn´t equals to Laptop 
      url - /api/v1/products 
      method - POST 
      IP - ::1
     {"timestamp":"2021-05-28T17:22:05.217Z"}
error: 
    status - 500 
    message - ValidationError: "name" length must be at least 3 characters long 
    url - /api/v1/products 
    method - POST 
    IP - ::1
   {"timestamp":"2021-05-28T17:22:18.125Z"}
error: 
      status - 400
      message - Name isn´t equals to Laptop 
      url - /api/v1/products 
      method - POST 
      IP - ::1
     {"timestamp":"2021-05-28T17:22:22.556Z"}
error: 
      status - 400
      message - Name isn´t equals to Laptop 
      url - /api/v1/products 
      method - POST 
      IP - ::1
     {"timestamp":"2021-05-28T17:22:29.352Z"}
info: Server started at http://localhost:3001/api/v1/ {"timestamp":"2021-05-28T17:30:08.090Z"}
info: Connected to the database. {"timestamp":"2021-05-28T17:30:08.465Z"}
info: Server started at http://localhost:3001/api/v1/ {"timestamp":"2021-05-28T17:38:13.326Z"}
info: Connected to the database. {"timestamp":"2021-05-28T17:38:13.404Z"}
info: Server started at http://localhost:3001/api/v1/ {"timestamp":"2021-05-28T17:58:28.688Z"}
info: Connected to the database. {"timestamp":"2021-05-28T17:58:28.751Z"}
error: 
      status - 400
      message - Name isn´t equals to Laptop 
      url - /api/v1/products 
      method - POST 
      IP - ::1
     {"timestamp":"2021-05-28T17:58:37.430Z"}
error: 
      status - 400
      message - Name isn´t equals to Laptop 
      url - /api/v1/products 
      method - POST 
      IP - ::1
     {"timestamp":"2021-05-28T17:58:39.399Z"}
error: 
      status - 400
      message - Name isn´t equals to Laptop 
      url - /api/v1/products 
      method - POST 
      IP - ::1
     {"timestamp":"2021-05-28T17:58:41.626Z"}
info: Server started at http://localhost:3001/api/v1/ {"timestamp":"2021-05-28T18:32:42.806Z"}
info: Connected to the database. {"timestamp":"2021-05-28T18:32:42.875Z"}
error: 
    status - 500 
    message - ValidationError: "name" is not allowed to be empty 
    url - /api/v1/products 
    method - POST 
    IP - ::1
   {"timestamp":"2021-05-28T18:48:53.396Z"}
error: 
    status - 500 
    message - ValidationError: "name" is not allowed to be empty 
    url - /api/v1/products 
    method - POST 
    IP - ::1
   {"timestamp":"2021-05-28T18:49:04.123Z"}
error: 
    status - 500 
    message - ValidationError: "name" is not allowed to be empty 
    url - /api/v1/products 
    method - POST 
    IP - ::1
   {"timestamp":"2021-05-28T18:49:09.218Z"}
error: 
    status - 500 
    message - ValidationError: "id" is not allowed 
    url - /api/v1/products/17 
    method - PUT 
    IP - ::1
   {"timestamp":"2021-05-28T18:49:21.049Z"}
error: 
    status - 500 
    message - ValidationError: "name" is not allowed to be empty 
    url - /api/v1/products 
    method - POST 
    IP - ::1
   {"timestamp":"2021-05-28T18:52:28.437Z"}
error: 
    status - 500 
    message - ValidationError: "createdAt" is not allowed 
    url - /api/v1/products/19 
    method - PUT 
    IP - ::1
   {"timestamp":"2021-05-28T18:52:38.893Z"}
error: 
    status - 500 
    message - ValidationError: "createdAt" is not allowed 
    url - /api/v1/products/17 
    method - PUT 
    IP - ::1
   {"timestamp":"2021-05-28T18:53:44.497Z"}
error: 
    status - 500 
    message - ValidationError: "id" is not allowed 
    url - /api/v1/products/18 
    method - PUT 
    IP - ::1
   {"timestamp":"2021-05-28T19:06:44.836Z"}
error: 
    status - 500 
    message - ValidationError: "id" is not allowed 
    url - /api/v1/products/17 
    method - PUT 
    IP - ::1
   {"timestamp":"2021-05-28T19:08:04.644Z"}
info: Server started at http://localhost:3001/api/v1/ {"timestamp":"2021-05-28T19:09:05.365Z"}
info: Connected to the database. {"timestamp":"2021-05-28T19:09:05.686Z"}
error: 
    status - 500 
    message - ValidationError: "name" is not allowed to be empty 
    url - /api/v1/products 
    method - POST 
    IP - ::1
   {"timestamp":"2021-05-28T19:18:02.937Z"}
error: 
    status - 500 
    message - ValidationError: "name" length must be at least 3 characters long 
    url - /api/v1/products/1 
    method - PUT 
    IP - ::1
   {"timestamp":"2021-05-28T19:40:09.088Z"}
error: 
    status - 500 
    message - ValidationError: "name" length must be at least 3 characters long 
    url - /api/v1/products/1 
    method - PUT 
    IP - ::1
   {"timestamp":"2021-05-28T19:42:16.411Z"}
error: 
    status - 500 
    message - ValidationError: "name" length must be at least 3 characters long 
    url - /api/v1/products/1 
    method - PUT 
    IP - ::1
   {"timestamp":"2021-05-28T19:43:57.809Z"}
error: 
    status - 500 
    message - ValidationError: "name" length must be at least 3 characters long 
    url - /api/v1/products/1 
    method - PUT 
    IP - ::1
   {"timestamp":"2021-05-28T19:44:16.502Z"}
error: 
    status - 500 
    message - ValidationError: "name" length must be at least 3 characters long 
    url - /api/v1/products/1 
    method - PUT 
    IP - ::1
   {"timestamp":"2021-05-28T19:50:46.142Z"}
error: 
    status - 500 
    message - ValidationError: "name" length must be at least 3 characters long 
    url - /api/v1/products/1 
    method - PUT 
    IP - ::1
   {"timestamp":"2021-05-28T19:54:25.202Z"}
error: 
      status - 400
      message - Name isn´t equals to Laptop 
      url - /api/v1/products 
      method - POST 
      IP - ::1
     {"timestamp":"2021-05-28T19:54:32.051Z"}
info: Server started at http://localhost:3001/api/v1/ {"timestamp":"2021-05-28T20:00:52.748Z"}
info: Connected to the database. {"timestamp":"2021-05-28T20:00:53.184Z"}
error: 
    status - 500 
    message - ValidationError: "name" length must be at least 3 characters long 
    url - /api/v1/products/1 
    method - PUT 
    IP - ::1
   {"timestamp":"2021-05-28T20:03:58.065Z"}
error: 
    status - 500 
    message - ValidationError: "name" length must be at least 3 characters long 
    url - /api/v1/products/1 
    method - PUT 
    IP - ::1
   {"timestamp":"2021-05-28T20:08:16.445Z"}
error: 
    status - 500 
    message - ValidationError: "name" length must be at least 3 characters long 
    url - /api/v1/products/1 
    method - PUT 
    IP - ::1
   {"timestamp":"2021-05-28T20:08:41.616Z"}
error: 
    status - 500 
    message - ValidationError: "brand" length must be at least 2 characters long 
    url - /api/v1/products/2 
    method - PUT 
    IP - ::1
   {"timestamp":"2021-05-28T20:08:52.633Z"}
error: 
    status - 500 
    message - ValidationError: "stock" must be larger than or equal to 1 
    url - /api/v1/products/1 
    method - PUT 
    IP - ::1
   {"timestamp":"2021-05-28T20:10:08.070Z"}
error: 
    status - 500 
    message - ValidationError: "stock" must be larger than or equal to 1 
    url - /api/v1/products/1 
    method - PUT 
    IP - ::1
   {"timestamp":"2021-05-28T20:10:17.197Z"}
error: 
      status - 400
      message - Name isn´t equals to Laptop 
      url - /api/v1/products 
      method - POST 
      IP - ::1
     {"timestamp":"2021-05-28T20:10:45.763Z"}
error: 
      status - 400
      message - Name isn´t equals to Laptop 
      url - /api/v1/products 
      method - POST 
      IP - ::1
     {"timestamp":"2021-05-28T20:34:44.442Z"}
info: Server started at http://localhost:3001/api/v1/ {"timestamp":"2021-05-28T20:39:45.393Z"}
info: Connected to the database. {"timestamp":"2021-05-28T20:39:45.699Z"}
error: 
    status - 500 
    message - ValidationError: "name" length must be at least 3 characters long 
    url - /api/v1/products/1 
    method - PUT 
    IP - ::1
   {"timestamp":"2021-05-28T20:43:15.705Z"}
error: 
    status - 500 
    message - ValidationError: "name" length must be at least 3 characters long 
    url - /api/v1/products/1 
    method - PUT 
    IP - ::1
   {"timestamp":"2021-05-28T20:43:39.278Z"}
info: Server started at http://localhost:3001/api/v1/ {"timestamp":"2021-05-28T20:50:43.514Z"}
info: Connected to the database. {"timestamp":"2021-05-28T20:50:43.586Z"}
info: Server started at http://localhost:3001/api/v1/ {"timestamp":"2021-05-28T22:26:51.334Z"}
info: Connected to the database. {"timestamp":"2021-05-28T22:26:51.722Z"}
error: 
    status - 500 
    message - ValidationError: "name" length must be at least 3 characters long 
    url - /api/v1/products/1 
    method - PUT 
    IP - ::1
   {"timestamp":"2021-05-28T22:42:09.422Z"}
info: Connected to the database. {"timestamp":"2021-05-28T23:24:23.436Z"}
info: Connected to the database. {"timestamp":"2021-05-28T23:26:23.719Z"}
info: Server started at http://localhost:3001/api/v1/ {"timestamp":"2021-05-28T23:27:21.238Z"}
info: Connected to the database. {"timestamp":"2021-05-28T23:27:21.311Z"}
info: Server started at http://localhost:3001/api/v1/ {"timestamp":"2021-05-28T23:34:06.932Z"}
info: Connected to the database. {"timestamp":"2021-05-28T23:34:06.987Z"}
info: Server started at http://localhost:3001/api/v1/ {"timestamp":"2021-05-28T23:39:26.099Z"}
info: Connected to the database. {"timestamp":"2021-05-28T23:39:26.150Z"}
info: Server started at http://localhost:3001/api/v1/ {"timestamp":"2021-05-28T23:42:05.716Z"}
info: Connected to the database. {"timestamp":"2021-05-28T23:42:05.772Z"}
info: Server started at http://localhost:3001/api/v1/ {"timestamp":"2021-05-28T23:44:31.109Z"}
info: Connected to the database. {"timestamp":"2021-05-28T23:44:31.160Z"}
info: Server started at http://localhost:3001/api/v1/ {"timestamp":"2021-05-28T23:51:20.167Z"}
info: Connected to the database. {"timestamp":"2021-05-28T23:51:20.223Z"}
info: Server started at http://localhost:3001/api/v1/ {"timestamp":"2021-05-28T23:55:37.525Z"}
info: Connected to the database. {"timestamp":"2021-05-28T23:55:37.587Z"}
info: Server started at http://localhost:3001/api/v1/ {"timestamp":"2021-05-28T23:58:01.220Z"}
info: Connected to the database. {"timestamp":"2021-05-28T23:58:01.279Z"}
info: Server started at http://localhost:3001/api/v1/ {"timestamp":"2021-05-29T00:02:50.677Z"}
info: Connected to the database. {"timestamp":"2021-05-29T00:02:50.740Z"}
info: Server started at http://localhost:3001/api/v1/ {"timestamp":"2021-05-29T00:03:44.857Z"}
info: Connected to the database. {"timestamp":"2021-05-29T00:03:44.923Z"}
info: Server started at http://localhost:3001/api/v1/ {"timestamp":"2021-05-29T00:07:46.775Z"}
info: Connected to the database. {"timestamp":"2021-05-29T00:07:46.834Z"}
info: Server started at http://localhost:3001/api/v1/ {"timestamp":"2021-05-29T00:11:48.820Z"}
info: Connected to the database. {"timestamp":"2021-05-29T00:11:48.899Z"}
error: 
    status - 500 
    message - TypeError: BuyService.newBuy is not a function
    at _callee2$ (C:\Users\jairr\Documents\CS21\fullstack-app\server\build\controllers\buy.controller.js:74:31)
    at tryCatch (C:\Users\jairr\Documents\CS21\fullstack-app\server\node_modules\regenerator-runtime\runtime.js:63:40)
    at Generator.invoke [as _invoke] (C:\Users\jairr\Documents\CS21\fullstack-app\server\node_modules\regenerator-runtime\runtime.js:293:22)
    at Generator.next (C:\Users\jairr\Documents\CS21\fullstack-app\server\node_modules\regenerator-runtime\runtime.js:118:21)
    at asyncGeneratorStep (C:\Users\jairr\Documents\CS21\fullstack-app\server\node_modules\@babel\runtime\helpers\asyncToGenerator.js:3:24)
    at _next (C:\Users\jairr\Documents\CS21\fullstack-app\server\node_modules\@babel\runtime\helpers\asyncToGenerator.js:25:9)
    at C:\Users\jairr\Documents\CS21\fullstack-app\server\node_modules\@babel\runtime\helpers\asyncToGenerator.js:32:7
    at new Promise (<anonymous>)
    at C:\Users\jairr\Documents\CS21\fullstack-app\server\node_modules\@babel\runtime\helpers\asyncToGenerator.js:21:12
    at newBuy (C:\Users\jairr\Documents\CS21\fullstack-app\server\build\controllers\buy.controller.js:100:18) 
    url - /api/v1/buys 
    method - POST 
    IP - ::1
   {"timestamp":"2021-05-29T00:17:12.633Z"}
info: Connected to the database. {"timestamp":"2021-05-29T00:18:20.468Z"}
info: Server started at http://localhost:3001/api/v1/ {"timestamp":"2021-05-29T00:19:13.020Z"}
info: Connected to the database. {"timestamp":"2021-05-29T00:19:13.079Z"}
info: Server started at http://localhost:3001/api/v1/ {"timestamp":"2021-05-29T00:20:26.887Z"}
info: Connected to the database. {"timestamp":"2021-05-29T00:20:26.978Z"}
info: Server started at http://localhost:3001/api/v1/ {"timestamp":"2021-05-29T00:21:02.244Z"}
info: Connected to the database. {"timestamp":"2021-05-29T00:21:02.299Z"}
info: Server started at http://localhost:3001/api/v1/ {"timestamp":"2021-05-29T00:24:18.902Z"}
info: Connected to the database. {"timestamp":"2021-05-29T00:24:18.973Z"}
error: 
    status - 500 
    message - ValidationError: "amount" is not allowed 
    url - /api/v1/products 
    method - POST 
    IP - ::1
   {"timestamp":"2021-05-29T00:43:15.051Z"}
info: Server started at http://localhost:3001/api/v1/ {"timestamp":"2021-05-29T00:49:22.310Z"}
info: Connected to the database. {"timestamp":"2021-05-29T00:49:22.587Z"}
info: Server started at http://localhost:3001/api/v1/ {"timestamp":"2021-05-29T01:09:29.814Z"}
info: Connected to the database. {"timestamp":"2021-05-29T01:09:29.868Z"}
error: 
    status - 500 
    message - ReferenceError: Employee is not defined
    at _callee6$ (C:\Users\jairr\Documents\CS21\fullstack-app\server\build\services\product.service.js:186:13)
    at tryCatch (C:\Users\jairr\Documents\CS21\fullstack-app\server\node_modules\regenerator-runtime\runtime.js:63:40)
    at Generator.invoke [as _invoke] (C:\Users\jairr\Documents\CS21\fullstack-app\server\node_modules\regenerator-runtime\runtime.js:293:22)
    at Generator.next (C:\Users\jairr\Documents\CS21\fullstack-app\server\node_modules\regenerator-runtime\runtime.js:118:21)
    at asyncGeneratorStep (C:\Users\jairr\Documents\CS21\fullstack-app\server\node_modules\@babel\runtime\helpers\asyncToGenerator.js:3:24)
    at _next (C:\Users\jairr\Documents\CS21\fullstack-app\server\node_modules\@babel\runtime\helpers\asyncToGenerator.js:25:9)
    at C:\Users\jairr\Documents\CS21\fullstack-app\server\node_modules\@babel\runtime\helpers\asyncToGenerator.js:32:7
    at new Promise (<anonymous>)
    at Object.<anonymous> (C:\Users\jairr\Documents\CS21\fullstack-app\server\node_modules\@babel\runtime\helpers\asyncToGenerator.js:21:12)
    at Object.updateAmountProduct (C:\Users\jairr\Documents\CS21\fullstack-app\server\build\services\product.service.js:207:18) 
    url - /api/v1/buys 
    method - POST 
    IP - ::1
   {"timestamp":"2021-05-29T01:09:44.843Z"}
info: Server started at http://localhost:3001/api/v1/ {"timestamp":"2021-05-29T01:10:26.818Z"}
info: Connected to the database. {"timestamp":"2021-05-29T01:10:26.878Z"}
info: Server started at http://localhost:3001/api/v1/ {"timestamp":"2021-05-29T03:18:23.124Z"}
info: Connected to the database. {"timestamp":"2021-05-29T03:18:23.617Z"}
error: 
    status - 500 
    message - ValidationError: "firstName" is required 
    url - /api/v1/users/signin 
    method - POST 
    IP - ::1
   {"timestamp":"2021-05-29T03:50:36.344Z"}
info: Server started at http://localhost:3001/api/v1/ {"timestamp":"2021-05-29T03:54:54.911Z"}
info: Connected to the database. {"timestamp":"2021-05-29T03:54:55.246Z"}
info: Server started at http://localhost:3001/api/v1/ {"timestamp":"2021-05-29T03:58:30.669Z"}
info: Connected to the database. {"timestamp":"2021-05-29T03:58:30.725Z"}
info: Server started at http://localhost:3001/api/v1/ {"timestamp":"2021-05-29T04:07:42.155Z"}
info: Connected to the database. {"timestamp":"2021-05-29T04:07:42.448Z"}
info: Server started at http://localhost:3001/api/v1/ {"timestamp":"2021-05-29T04:15:15.486Z"}
info: Connected to the database. {"timestamp":"2021-05-29T04:15:15.820Z"}
info: Server started at http://localhost:3001/api/v1/ {"timestamp":"2021-05-29T04:21:34.433Z"}
info: Connected to the database. {"timestamp":"2021-05-29T04:21:34.516Z"}
